Starting content extraction...
Found 27 collections [
  {
    "id": "https://digishelf.de/api/v2/collections/DC/allgemeinerbestand/",
    "type": "Collection",
    "label": {
      "de": [
        "Allgemeiner Bestand"
      ]
    },
    "thumbnail": [
      {
        "type": "Image"
      }
    ]
  },
  {
    "id": "https://digishelf.de/api/v2/collections/DC/altedrucke/",
    "type": "Collection",
    "label": {
      "de": [
        "Alte Drucke"
      ]
    },
    "thumbnail": [
      {
        "type": "Image"
      }
    ]
  },
  {
    "id": "https://digishelf.de/api/v2/collections/DC/altedruckerara/",
    "type": "Collection",
    "label": {
      "de": [
        "Alte Drucke (RaRa)"
      ]
    },
    "thumbnail": [
      {
        "type": "Image"
      }
    ]
  },
  {
    "id": "https://digishelf.de/api/v2/collections/DC/archiveimlandkreiskonstanz/",
    "type": "Collection",
    "label": {
      "de": [
        "Archive im Landkreis Konstanz"
      ]
    },
    "thumbnail": [
      {
        "type": "Image"
      }
    ]
  },
  {
    "id": "https://digishelf.de/api/v2/collections/DC/bibliothek/",
    "type": "Collection",
    "label": {
      "none": [
        "bibliothek"
      ]
    },
    "thumbnail": [
      {
        "type": "Image"
      }
    ]
  },
  {
    "id": "https://digishelf.de/api/v2/collections/DC/christianeumhamburg/",
    "type": "Collection",
    "label": {
      "de": [
        "Christianeum Hamburg"
      ]
    },
    "thumbnail": [
      {
        "type": "Image"
      }
    ]
  },
  {
    "id": "https://digishelf.de/api/v2/collections/DC/deutschebevlkerungsgruppenimausland/",
    "type": "Collection",
    "label": {
      "de": [
        "Deutsche Bevölkerungsgruppen im Ausland"
      ]
    },
    "thumbnail": [
      {
        "type": "Image"
      }
    ]
  },
  {
    "id": "https://digishelf.de/api/v2/collections/DC/deutschesschiffahrtsmuseumbremerhaven/",
    "type": "Collection",
    "label": {
      "de": [
        "Deutsches Schiffahrtsmuseum Bremerhaven"
      ]
    },
    "thumbnail": [
      {
        "type": "Image"
      }
    ]
  },
  {
    "id": "https://digishelf.de/api/v2/collections/DC/gleimhaus/",
    "type": "Collection",
    "label": {
      "de": [
        "Gleimhaus Halberstadt"
      ]
    },
    "thumbnail": [
      {
        "type": "Image"
      }
    ]
  },
  {
    "id": "https://digishelf.de/api/v2/collections/DC/handschriftensammlunggleims/",
    "type": "Collection",
    "label": {
      "de": [
        "Handschriftensammlung Gleims"
      ]
    },
    "thumbnail": [
      {
        "type": "Image"
      }
    ]
  },
  {
    "id": "https://digishelf.de/api/v2/collections/DC/historischedrucke/",
    "type": "Collection",
    "label": {
      "de": [
        "Historische Drucke"
      ]
    },
    "thumbnail": [
      {
        "type": "Image"
      }
    ]
  },
  {
    "id": "https://digishelf.de/api/v2/collections/DC/htwglimited/",
    "type": "Collection",
    "label": {
      "de": [
        "HTWG Konstanz Leseplatz"
      ]
    },
    "thumbnail": [
      {
        "type": "Image"
      }
    ]
  },
  {
    "id": "https://digishelf.de/api/v2/collections/DC/katalogehaum/",
    "type": "Collection",
    "label": {
      "de": [
        "Kataloge HAUM"
      ]
    },
    "thumbnail": [
      {
        "type": "Image"
      }
    ]
  },
  {
    "id": "https://digishelf.de/api/v2/collections/DC/kolonialismus/",
    "type": "Collection",
    "label": {
      "de": [
        "Kolonialismus"
      ]
    },
    "thumbnail": [
      {
        "type": "Image"
      }
    ]
  },
  {
    "id": "https://digishelf.de/api/v2/collections/DC/kolonialismuskolo/",
    "type": "Collection",
    "label": {
      "de": [
        "Kolonialismus (Kolo)"
      ]
    },
    "thumbnail": [
      {
        "type": "Image"
      }
    ]
  },
  {
    "id": "https://digishelf.de/api/v2/collections/DC/kunstbibliothekberlin/",
    "type": "Collection",
    "label": {
      "de": [
        "Kunstbibliothek Berlin"
      ]
    },
    "thumbnail": [
      {
        "type": "Image"
      }
    ]
  },
  {
    "id": "https://digishelf.de/api/v2/collections/DC/landsmannschaftderoberschlesier/",
    "type": "Collection",
    "label": {
      "de": [
        "Landsmannschaft der Oberschlesier"
      ]
    },
    "thumbnail": [
      {
        "type": "Image"
      }
    ]
  },
  {
    "id": "https://digishelf.de/api/v2/collections/DC/magazinezeitungenvor1945/",
    "type": "Collection",
    "label": {
      "de": [
        "Oberschlesische Magazine bis 1945"
      ]
    },
    "thumbnail": [
      {
        "type": "Image"
      }
    ]
  },
  {
    "id": "https://digishelf.de/api/v2/collections/DC/nachlsse/",
    "type": "Collection",
    "label": {
      "none": [
        "nachlsse"
      ]
    },
    "thumbnail": [
      {
        "type": "Image"
      }
    ]
  },
  {
    "id": "https://digishelf.de/api/v2/collections/DC/oberschlesischeheimatbltterab1949/",
    "type": "Collection",
    "label": {
      "de": [
        "Oberschlesische Heimatblätter ab 1949"
      ]
    },
    "thumbnail": [
      {
        "type": "Image"
      }
    ]
  },
  {
    "id": "https://digishelf.de/api/v2/collections/DC/oberschlesischezeitungenundmagazinebis1945/",
    "type": "Collection",
    "label": {
      "de": [
        "Oberschlesische Zeitungen und Magazine bis 1945"
      ]
    },
    "thumbnail": [
      {
        "type": "Image"
      }
    ]
  },
  {
    "id": "https://digishelf.de/api/v2/collections/DC/provenienzgeschichte/",
    "type": "Collection",
    "label": {
      "de": [
        "Provenienzgeschichte"
      ]
    },
    "thumbnail": [
      {
        "type": "Image"
      }
    ]
  },
  {
    "id": "https://digishelf.de/api/v2/collections/DC/sammlungwisshom/",
    "type": "Collection",
    "label": {
      "de": [
        "Wissenschaftliche Gesellschaft für Homöopathie e.V."
      ]
    },
    "thumbnail": [
      {
        "type": "Image"
      }
    ]
  },
  {
    "id": "https://digishelf.de/api/v2/collections/DC/sonstigegemeinfreiewerke/",
    "type": "Collection",
    "label": {
      "de": [
        "Sonstige gemeinfreie Werke"
      ]
    },
    "thumbnail": [
      {
        "type": "Image"
      }
    ]
  },
  {
    "id": "https://digishelf.de/api/v2/collections/DC/thneninstitutfrostseefischerei/",
    "type": "Collection",
    "label": {
      "de": [
        "Thünen-Institut für Ostseefischerei"
      ]
    },
    "thumbnail": [
      {
        "type": "Image"
      }
    ]
  },
  {
    "id": "https://digishelf.de/api/v2/collections/DC/universittkonstanz/",
    "type": "Collection",
    "label": {
      "de": [
        "Universität Konstanz"
      ]
    },
    "thumbnail": [
      {
        "type": "Image"
      }
    ]
  },
  {
    "id": "https://digishelf.de/api/v2/collections/DC/zsregiobodensee/",
    "type": "Collection",
    "label": {
      "de": [
        "Bodensee Bibliotheken"
      ]
    },
    "thumbnail": [
      {
        "type": "Image"
      }
    ]
  }
]
Skipping collection as in ingored list: allgemeinerbestand
Skipping collection as in ingored list: altedrucke
Skipping collection as in ingored list: altedruckerara
Processing collection: archiveimlandkreiskonstanz
Fetching collection: /collections/DC/archiveimlandkreiskonstanz
